<?xml version="1.0" encoding="UTF-8"?>
<testsuite xmlns:xsi="http://www.w3.org/2001/XMLSchema-instance" xsi:noNamespaceSchemaLocation="https://maven.apache.org/surefire/maven-surefire-plugin/xsd/surefire-test-report.xsd" version="3.0.2" name="com.upiiz.examen2.Examen2ApplicationTests" time="18.658" tests="1" errors="0" skipped="0" failures="0">
  <properties>
[...]
</properties>
  <testcase name="contextLoads" classname="com.upiiz.examen2.Examen2ApplicationTests" time="0.844">
    <system-out><![CDATA[22:42:14.848 [main] INFO org.springframework.test.context.support.AnnotationConfigContextLoaderUtils -- Could not detect default configuration classes for test class [com.upiiz.examen2.Examen2ApplicationTests]: Examen2ApplicationTests does not declare any static, non-private, non-final, nested classes annotated with @Configuration.
22:42:15.094 [main] INFO org.springframework.boot.test.context.SpringBootTestContextBootstrapper -- Found @SpringBootConfiguration com.upiiz.examen2.Examen2Application for test class com.upiiz.examen2.Examen2ApplicationTests
22:42:15.469 [main] INFO org.springframework.boot.devtools.restart.RestartApplicationListener -- Restart disabled due to context in which it is running

  .   ____          _            __ _ _
 /\\ / ___'_ __ _ _(_)_ __  __ _ \ \ \ \
( ( )\___ | '_ | '_| | '_ \/ _` | \ \ \ \
 \\/  ___)| |_)| | | | | || (_| |  ) ) ) )
  '  |____| .__|_| |_|_| |_\__, | / / / /
 =========|_|==============|___/=/_/_/_/

 :: Spring Boot ::                (v3.4.0)

2024-11-28T22:42:16.243-06:00  INFO 19096 --- [examen2] [           main] c.upiiz.examen2.Examen2ApplicationTests  : Starting Examen2ApplicationTests using Java 22.0.2 with PID 19096 (started by Caleb in C:\Users\edwin\Downloads\examen2)
2024-11-28T22:42:16.247-06:00  INFO 19096 --- [examen2] [           main] c.upiiz.examen2.Examen2ApplicationTests  : No active profile set, falling back to 1 default profile: "default"
2024-11-28T22:42:18.378-06:00  INFO 19096 --- [examen2] [           main] .s.d.r.c.RepositoryConfigurationDelegate : Bootstrapping Spring Data JPA repositories in DEFAULT mode.
2024-11-28T22:42:18.499-06:00  INFO 19096 --- [examen2] [           main] .s.d.r.c.RepositoryConfigurationDelegate : Finished Spring Data repository scanning in 97 ms. Found 1 JPA repository interface.
2024-11-28T22:42:19.629-06:00  INFO 19096 --- [examen2] [           main] o.hibernate.jpa.internal.util.LogHelper  : HHH000204: Processing PersistenceUnitInfo [name: default]
2024-11-28T22:42:19.885-06:00  INFO 19096 --- [examen2] [           main] org.hibernate.Version                    : HHH000412: Hibernate ORM core version 6.6.2.Final
2024-11-28T22:42:19.969-06:00  INFO 19096 --- [examen2] [           main] o.h.c.internal.RegionFactoryInitiator    : HHH000026: Second-level cache disabled
2024-11-28T22:42:20.699-06:00  INFO 19096 --- [examen2] [           main] o.s.o.j.p.SpringPersistenceUnitInfo      : No LoadTimeWeaver setup: ignoring JPA class transformer
2024-11-28T22:42:20.758-06:00  INFO 19096 --- [examen2] [           main] com.zaxxer.hikari.HikariDataSource       : HikariPool-1 - Starting...
2024-11-28T22:42:24.847-06:00  INFO 19096 --- [examen2] [           main] com.zaxxer.hikari.pool.HikariPool        : HikariPool-1 - Added connection com.mysql.cj.jdbc.ConnectionImpl@53ba25ff
2024-11-28T22:42:24.851-06:00  INFO 19096 --- [examen2] [           main] com.zaxxer.hikari.HikariDataSource       : HikariPool-1 - Start completed.
2024-11-28T22:42:25.243-06:00  WARN 19096 --- [examen2] [           main] org.hibernate.orm.deprecation            : HHH90000025: MySQL8Dialect does not need to be specified explicitly using 'hibernate.dialect' (remove the property setting and it will be selected by default)
2024-11-28T22:42:25.246-06:00  WARN 19096 --- [examen2] [           main] org.hibernate.orm.deprecation            : HHH90000026: MySQL8Dialect has been deprecated; use org.hibernate.dialect.MySQLDialect instead
2024-11-28T22:42:25.279-06:00  INFO 19096 --- [examen2] [           main] org.hibernate.orm.connections.pooling    : HHH10001005: Database info:
	Database JDBC URL [Connecting through datasource 'HikariDataSource (HikariPool-1)']
	Database driver: undefined/unknown
	Database version: 8.0
	Autocommit mode: undefined/unknown
	Isolation level: undefined/unknown
	Minimum pool size: undefined/unknown
	Maximum pool size: undefined/unknown
2024-11-28T22:42:26.960-06:00  INFO 19096 --- [examen2] [           main] o.h.e.t.j.p.i.JtaPlatformInitiator       : HHH000489: No JTA platform available (set 'hibernate.transaction.jta.platform' to enable JTA platform integration)
Hibernate: drop table if exists shipping
Hibernate: create table shipping (shipping_cost decimal(10,2) not null, shipping_id bigint not null auto_increment, shipping_method varchar(50) not null, primary key (shipping_id)) engine=InnoDB
2024-11-28T22:42:29.783-06:00  INFO 19096 --- [examen2] [           main] j.LocalContainerEntityManagerFactoryBean : Initialized JPA EntityManagerFactory for persistence unit 'default'
2024-11-28T22:42:31.117-06:00  WARN 19096 --- [examen2] [           main] JpaBaseConfiguration$JpaWebConfiguration : spring.jpa.open-in-view is enabled by default. Therefore, database queries may be performed during view rendering. Explicitly configure spring.jpa.open-in-view to disable this warning
2024-11-28T22:42:32.242-06:00  INFO 19096 --- [examen2] [           main] c.upiiz.examen2.Examen2ApplicationTests  : Started Examen2ApplicationTests in 16.808 seconds (process running for 19.084)
]]></system-out>
    <system-err><![CDATA[Mockito is currently self-attaching to enable the inline-mock-maker. This will no longer work in future releases of the JDK. Please add Mockito as an agent to your build what is described in Mockito's documentation: https://javadoc.io/doc/org.mockito/mockito-core/latest/org/mockito/Mockito.html#0.3
WARNING: A Java agent has been loaded dynamically (C:\Users\edwin\.m2\repository\net\bytebuddy\byte-buddy-agent\1.15.10\byte-buddy-agent-1.15.10.jar)
WARNING: If a serviceability tool is in use, please run with -XX:+EnableDynamicAgentLoading to hide this warning
WARNING: If a serviceability tool is not in use, please run with -Djdk.instrument.traceUsage for more information
WARNING: Dynamic loading of agents will be disallowed by default in a future release
]]></system-err>
  </testcase>
</testsuite>